#######################################################################################
# log primitive debug message of FSDB dumping                                         #
# This is for R&D to analyze when there are issues happening when FSDB dump           #
#######################################################################################
ANF: vcsd_get_serial_mode_status('./fram_aligner.simv: undefined symbol: vcsd_get_serial_mode_status')
ANF: vcsd_enable_sva_success_callback('./fram_aligner.simv: undefined symbol: vcsd_enable_sva_success_callback')
ANF: vcsd_disable_sva_success_callback('./fram_aligner.simv: undefined symbol: vcsd_disable_sva_success_callback')
ANF: vcsd_get_power_scope_name('./fram_aligner.simv: undefined symbol: vcsd_get_power_scope_name')
ANF: vcsd_begin_no_value_var_info('./fram_aligner.simv: undefined symbol: vcsd_begin_no_value_var_info')
ANF: vcsd_end_no_value_var_info('./fram_aligner.simv: undefined symbol: vcsd_end_no_value_var_info')
ANF: vcsd_remove_xprop_merge_mode_callback('./fram_aligner.simv: undefined symbol: vcsd_remove_xprop_merge_mode_callback')
ANF: vhpi_get_cb_info('./fram_aligner.simv: undefined symbol: vhpi_get_cb_info')
ANF: vhpi_free_handle('./fram_aligner.simv: undefined symbol: vhpi_free_handle')
ANF: vhpi_fetch_vcsd_handle('./fram_aligner.simv: undefined symbol: vhpi_fetch_vcsd_handle')
ANF: vhpi_fetch_vpi_handle('./fram_aligner.simv: undefined symbol: vhpi_fetch_vpi_handle')
ANF: vhpi_has_verilog_parent('./fram_aligner.simv: undefined symbol: vhpi_has_verilog_parent')
ANF: vhpi_is_verilog_scope('./fram_aligner.simv: undefined symbol: vhpi_is_verilog_scope')
ANF: scsd_xprop_is_enabled('./fram_aligner.simv: undefined symbol: scsd_xprop_is_enabled')
ANF: scsd_xprop_sig_is_promoted('./fram_aligner.simv: undefined symbol: scsd_xprop_sig_is_promoted')
ANF: scsd_xprop_int_xvalue('./fram_aligner.simv: undefined symbol: scsd_xprop_int_xvalue')
ANF: scsd_xprop_bool_xvalue('./fram_aligner.simv: undefined symbol: scsd_xprop_bool_xvalue')
ANF: scsd_xprop_enum_xvalue('./fram_aligner.simv: undefined symbol: scsd_xprop_enum_xvalue')
ANF: scsd_xprop_register_merge_mode_cb('./fram_aligner.simv: undefined symbol: scsd_xprop_register_merge_mode_cb')
ANF: scsd_xprop_delete_merge_mode_cb('./fram_aligner.simv: undefined symbol: scsd_xprop_delete_merge_mode_cb')
ANF: scsd_xprop_get_merge_mode('./fram_aligner.simv: undefined symbol: scsd_xprop_get_merge_mode')
ANF: scsd_thread_get_info('./fram_aligner.simv: undefined symbol: scsd_thread_get_info')
ANF: scsd_thread_vc_init('./fram_aligner.simv: undefined symbol: scsd_thread_vc_init')
ANF: scsd_master_set_delta_sync_cbk('./fram_aligner.simv: undefined symbol: scsd_master_set_delta_sync_cbk')
ANF: scsd_fgp_get_fsdb_cores('./fram_aligner.simv: undefined symbol: scsd_fgp_get_fsdb_cores')
ANF: scsd_fgp_get_is_cpu_affinity_disabled('./fram_aligner.simv: undefined symbol: scsd_fgp_get_is_cpu_affinity_disabled')
ANF: vhdi_dt_get_type('./fram_aligner.simv: undefined symbol: vhdi_dt_get_type')
ANF: vhdi_dt_get_key('./fram_aligner.simv: undefined symbol: vhdi_dt_get_key')
ANF: vhdi_dt_get_vhdl_enum_info('./fram_aligner.simv: undefined symbol: vhdi_dt_get_vhdl_enum_info')
ANF: vhdi_dt_get_vhdl_physical_info('./fram_aligner.simv: undefined symbol: vhdi_dt_get_vhdl_physical_info')
ANF: vhdi_dt_get_vhdl_array_info('./fram_aligner.simv: undefined symbol: vhdi_dt_get_vhdl_array_info')
ANF: vhdi_dt_get_vhdl_record_info('./fram_aligner.simv: undefined symbol: vhdi_dt_get_vhdl_record_info')
ANF: vhdi_def_traverse_module('./fram_aligner.simv: undefined symbol: vhdi_def_traverse_module')
ANF: vhdi_def_traverse_scope('./fram_aligner.simv: undefined symbol: vhdi_def_traverse_scope')
ANF: vhdi_def_traverse_variable('./fram_aligner.simv: undefined symbol: vhdi_def_traverse_variable')
ANF: vhdi_def_get_module_id_by_vhpi('./fram_aligner.simv: undefined symbol: vhdi_def_get_module_id_by_vhpi')
ANF: vhdi_def_get_handle_by_module_id('./fram_aligner.simv: undefined symbol: vhdi_def_get_handle_by_module_id')
ANF: vhdi_def_get_variable_info_by_vhpi('./fram_aligner.simv: undefined symbol: vhdi_def_get_variable_info_by_vhpi')
ANF: vhdi_def_free('./fram_aligner.simv: undefined symbol: vhdi_def_free')
ANF: vhdi_ist_traverse_scope('./fram_aligner.simv: undefined symbol: vhdi_ist_traverse_scope')
ANF: vhdi_ist_traverse_variable('./fram_aligner.simv: undefined symbol: vhdi_ist_traverse_variable')
ANF: vhdi_ist_convert_by_vhpi('./fram_aligner.simv: undefined symbol: vhdi_ist_convert_by_vhpi')
ANF: vhdi_ist_clone('./fram_aligner.simv: undefined symbol: vhdi_ist_clone')
ANF: vhdi_ist_free('./fram_aligner.simv: undefined symbol: vhdi_ist_free')
ANF: vhdi_ist_hash_key('./fram_aligner.simv: undefined symbol: vhdi_ist_hash_key')
ANF: vhdi_ist_compare('./fram_aligner.simv: undefined symbol: vhdi_ist_compare')
ANF: vhdi_ist_get_value_addr('./fram_aligner.simv: undefined symbol: vhdi_ist_get_value_addr')
ANF: vhdi_set_scsd_callback('./fram_aligner.simv: undefined symbol: vhdi_set_scsd_callback')
ANF: vhdi_cbk_set_force_callback('./fram_aligner.simv: undefined symbol: vhdi_cbk_set_force_callback')
ANF: vhdi_trigger_init_force('./fram_aligner.simv: undefined symbol: vhdi_trigger_init_force')
ANF: vhdi_ist_check_scsd_callback('./fram_aligner.simv: undefined symbol: vhdi_ist_check_scsd_callback')
ANF: vhdi_ist_add_scsd_callback('./fram_aligner.simv: undefined symbol: vhdi_ist_add_scsd_callback')
ANF: vhdi_ist_remove_scsd_callback('./fram_aligner.simv: undefined symbol: vhdi_ist_remove_scsd_callback')
ANF: vhdi_ist_get_scsd_user_data('./fram_aligner.simv: undefined symbol: vhdi_ist_get_scsd_user_data')
ANF: vhdi_add_time_change_callback('./fram_aligner.simv: undefined symbol: vhdi_add_time_change_callback')
ANF: vhdi_get_real_value_by_value_addr('./fram_aligner.simv: undefined symbol: vhdi_get_real_value_by_value_addr')
ANF: vhdi_get_64_value_by_value_addr('./fram_aligner.simv: undefined symbol: vhdi_get_64_value_by_value_addr')
ANF: vhdi_xprop_inst_is_promoted('./fram_aligner.simv: undefined symbol: vhdi_xprop_inst_is_promoted')
ANF: vdi_ist_convert_by_vhdi('./fram_aligner.simv: undefined symbol: vdi_ist_convert_by_vhdi')
ANF: vhdi_ist_get_module_id('./fram_aligner.simv: undefined symbol: vhdi_ist_get_module_id')
ANF: vhdi_refine_foreign_scope_type('./fram_aligner.simv: undefined symbol: vhdi_refine_foreign_scope_type')
ANF: vhdi_flush_callback('./fram_aligner.simv: undefined symbol: vhdi_flush_callback')
ANF: vhdi_set_orig_name('./fram_aligner.simv: undefined symbol: vhdi_set_orig_name')
ANF: vhdi_set_dump_pt('./fram_aligner.simv: undefined symbol: vhdi_set_dump_pt')
ANF: vhdi_get_fsdb_option('./fram_aligner.simv: undefined symbol: vhdi_get_fsdb_option')
ANF: vhdi_fgp_get_mode('./fram_aligner.simv: undefined symbol: vhdi_fgp_get_mode')
ANF: vhdi_node_register_composite_var('./fram_aligner.simv: undefined symbol: vhdi_node_register_composite_var')
ANF: vhdi_node_analysis('./fram_aligner.simv: undefined symbol: vhdi_node_analysis')
ANF: vhdi_node_id('./fram_aligner.simv: undefined symbol: vhdi_node_id')
ANF: vhdi_node_ist_check_scsd_callback('./fram_aligner.simv: undefined symbol: vhdi_node_ist_check_scsd_callback')
ANF: vhdi_node_ist_add_scsd_callback('./fram_aligner.simv: undefined symbol: vhdi_node_ist_add_scsd_callback')
ANF: vhdi_node_ist_get_value_addr('./fram_aligner.simv: undefined symbol: vhdi_node_ist_get_value_addr')
ANF: vhdi_enc_def_traverse_module('./fram_aligner.simv: undefined symbol: vhdi_enc_def_traverse_module')
ANF: vhdi_enc_def_traverse_scope('./fram_aligner.simv: undefined symbol: vhdi_enc_def_traverse_scope')
ANF: vhdi_enc_def_traverse_variable('./fram_aligner.simv: undefined symbol: vhdi_enc_def_traverse_variable')
ANF: vhdi_enc_ist_traverse_scope('./fram_aligner.simv: undefined symbol: vhdi_enc_ist_traverse_scope')
ANF: vhdi_enc_ist_traverse_variable('./fram_aligner.simv: undefined symbol: vhdi_enc_ist_traverse_variable')
ANF: vhdi_enc_ist_get_module_id('./fram_aligner.simv: undefined symbol: vhdi_enc_ist_get_module_id')
ANF: vhdi_enc_def_get_handle_by_module_id('./fram_aligner.simv: undefined symbol: vhdi_enc_def_get_handle_by_module_id')
VCS compile option:
 option[0]: ./fram_aligner.simv
 option[1]: -ucli
 option[2]: -do
 option[3]: run.do
 option[4]: /eda/synopsys/2021-22/RHELx86/VCS_2021.09-SP1/linux64/bin/vcs1
 option[5]: -Mcc=gcc
 option[6]: -Mcplusplus=g++
 option[7]: -Masflags=
 option[8]: -Mcfl= -pipe -fPIC -O -I/eda/synopsys/2021-22/RHELx86/VCS_2021.09-SP1/include 
 option[9]: -Mxllcflags=
 option[10]: -Mxcflags= -pipe -fPIC -I/eda/synopsys/2021-22/RHELx86/VCS_2021.09-SP1/include
 option[11]: -Mldflags= -rdynamic 
 option[12]: -Mout=fram_aligner.simv
 option[13]: -Mamsrun=
 option[14]: -Mvcsaceobjs=
 option[15]: -Mobjects= /eda/synopsys/2021-22/RHELx86/VCS_2021.09-SP1/linux64/lib/libvirsim.so /eda/synopsys/2021-22/RHELx86/VCS_2021.09-SP1/linux64/lib/liberrorinf.so /eda/synopsys/2021-22/RHELx86/VCS_2021.09-SP1/linux64/lib/libsnpsmalloc.so /eda/synopsys/2021-22/RHELx86/VCS_2021.09-SP1/linux64/lib/libvfs.so 
 option[16]: -Mexternalobj=
 option[17]: -Msaverestoreobj=/eda/synopsys/2021-22/RHELx86/VCS_2021.09-SP1/linux64/lib/vcs_save_restore_new.o
 option[18]: -Mcrt0=
 option[19]: -Mcrtn=
 option[20]: -Mcsrc=
 option[21]: -Msyslibs=/eda/synopsys/2021-22/RHELx86/VERDI_2021.09-SP1//share/PLI/VCS/LINUX64/pli.a -ldl 
 option[22]: -full64
 option[23]: -o
 option[24]: fram_aligner.simv
 option[25]: -V
 option[26]: -kdb
 option[27]: -Xufe=2steps
 option[28]: -debug_access+all
 option[29]: +vpi
 option[30]: +vcsd1
 option[31]: +itf+/eda/synopsys/2021-22/RHELx86/VCS_2021.09-SP1/linux64/lib/vcsdp_lite.tab
 option[32]: -picarchive
 option[33]: -P
 option[34]: /eda/synopsys/2021-22/RHELx86/VERDI_2021.09-SP1//share/PLI/VCS/LINUX64/verdi.tab
 option[35]: -fsdb
 option[36]: -sverilog
 option[37]: -gen_obj
 option[38]: -f
 option[39]: fram_aligner.fl
 option[40]: -load
 option[41]: /eda/synopsys/2021-22/RHELx86/VERDI_2021.09-SP1//share/PLI/VCS/LINUX64/libnovas.so:FSDBDumpCmd
Chronologic Simulation VCS Release S-2021.09-SP1_Full64
Linux 3.10.0-1160.62.1.el7.x86_64 #1 SMP Wed Mar 23 09:04:02 UTC 2022 x86_64
CPU cores: 8
Limit information:
======================================
cputime		unlimited
filesize		unlimited
datasize		unlimited
stacksize		8193 kbytes
coredumpsize		1 kbytes
memoryuse		unlimited
vmemoryuse		unlimited
descriptors		4096
memorylocked		unlimited
maxproc		4096
======================================
(Special)Runtime environment variables:

Runtime environment variables:
XDG_SESSION_ID=2700
OSTYPE=linux
LD_LIBRARY_PATH=/usr/dt/lib/:/usr/openwin/lib:/usr/local/lib
SSH_CLIENT=132.68.78.135 52782 22
DISPLAY=:16
SSH_CONNECTION=132.68.78.135 52782 132.68.59.57 22
REMOTEHOST=132.68.78.135
PERL_MB_OPT=--install_base /users/pd23/perl5
HOSTNAME=vlsi-ria57
DBUS_STARTER_ADDRESS=unix:abstract=/tmp/dbus-JfJAEvltXm,guid=27d1a41abf6a47b56a402d8468ff2765
QTLIB=/usr/lib64/qt-3.3/lib
MACHTYPE=x86_64
COLORTERM=truecolor
ECLIPSE_VERSION=4.19
GNOME_TERMINAL_SERVICE=:1.107
GNOME_DESKTOP_SESSION_ID=this-is-deprecated
LOGNAME=pd23
MODULESHOME=/usr/share/Modules
VCS_TARGET_ARCH=amd64
PERL5LIB=/users/pd23/perl5/lib/perl5
PERL_LOCAL_LIB_ROOT=/users/pd23/perl5
SHELL=/bin/tcsh
VERDI3_NEW_INTERACTIVE_DEBUG=
SYNOPSYS_SYN_ROOT=/eda/synopsys/2021-22/RHELx86/SYN_2021.06-SP4/
PATH=/usr/local/bin:/usr/ucb:/usr/openwin/bin:/bin:/usr/bin:/usr/lib:/usr/etc:/sbin:/usr/sbin:/local/bin:/usr/5bin:/usr/bin/X11:.:/eda/synopsys/2021-22/RHELx86/EUCLIDE_2021.09-SP1//Eclipse_4.19/linux.gtk.x86_64/eclipse/bin:/eda/synopsys/2021-22/RHELx86/RTL-ARCH_2021.06-SP4//bin:/eda/synopsys/2021-22/RHELx86/SYN_2021.06-SP4//bin:/eda/synopsys/2021-22/RHELx86/VCS_2021.09-SP1//bin:/eda/synopsys/2021-22/RHELx86/VERDI_2021.09-SP1//bin
SNPS_EUCLIDE=/eda/synopsys/2021-22/RHELx86/EUCLIDE_2021.09-SP1/
XMODIFIERS=@im=ibus
XDG_MENU_PREFIX=gnome-
GNOME_SHELL_SESSION_MODE=classic
QT_IM_MODULE=ibus
SSH_AUTH_SOCK=/tmp/ssh-H94y2a2WSk1b/agent.19555
HOST=vlsi-ria57
SSH_ASKPASS=/usr/libexec/openssh/gnome-ssh-askpass
LM_LICENSE_FILE=/etc/local/synopsys/synopsys.lic:27019@132.68.59.79:/etc/local/synopsys/synopsys.lic:27019@132.68.59.69
VENDOR=unknown
LESSOPEN=||/usr/bin/lesspipe.sh %s
SELINUX_USE_CURRENT_RANGE=
QT_GRAPHICSSYSTEM_CHECKED=1
HOSTTYPE=x86_64-linux
GROUP=mail
NOVAS_HOME=/eda/synopsys/2021-22/RHELx86/VERDI_2021.09-SP1/
MAIL=/var/spool/mail/pd23
XDG_RUNTIME_DIR=/run/user/4339
MODULEPATH=/usr/share/Modules/modulefiles:/etc/modulefiles
SNPSLMD_LICENSE_FILE=/etc/local/synopsys/synopsys.lic:27019@132.68.59.79:/etc/local/synopsys/synopsys.lic:27019@132.68.59.69
PERL_MM_OPT=INSTALL_BASE=/users/pd23/perl5
LS_COLORS=rs=0:di=38;5;27:ln=38;5;51:mh=44;38;5;15:pi=40;38;5;11:so=38;5;13:do=38;5;5:bd=48;5;232;38;5;11:cd=48;5;232;38;5;3:or=48;5;232;38;5;9:mi=05;48;5;232;38;5;15:su=48;5;196;38;5;15:sg=48;5;11;38;5;16:ca=48;5;196;38;5;226:tw=48;5;10;38;5;16:ow=48;5;10;38;5;21:st=48;5;21;38;5;15:ex=38;5;34:*.tar=38;5;9:*.tgz=38;5;9:*.arc=38;5;9:*.arj=38;5;9:*.taz=38;5;9:*.lha=38;5;9:*.lz4=38;5;9:*.lzh=38;5;9:*.lzma=38;5;9:*.tlz=38;5;9:*.txz=38;5;9:*.tzo=38;5;9:*.t7z=38;5;9:*.zip=38;5;9:*.z=38;5;9:*.Z=38;5;9:*.dz=38;5;9:*.gz=38;5;9:*.lrz=38;5;9:*.lz=38;5;9:*.lzo=38;5;9:*.xz=38;5;9:*.bz2=38;5;9:*.bz=38;5;9:*.tbz=38;5;9:*.tbz2=38;5;9:*.tz=38;5;9:*.deb=38;5;9:*.rpm=38;5;9:*.jar=38;5;9:*.war=38;5;9:*.ear=38;5;9:*.sar=38;5;9:*.rar=38;5;9:*.alz=38;5;9:*.ace=38;5;9:*.zoo=38;5;9:*.cpio=38;5;9:*.7z=38;5;9:*.rz=38;5;9:*.cab=38;5;9:*.jpg=38;5;13:*.jpeg=38;5;13:*.gif=38;5;13:*.bmp=38;5;13:*.pbm=38;5;13:*.pgm=38;5;13:*.ppm=38;5;13:*.tga=38;5;13:*.xbm=38;5;13:*.xpm=38;5;13:*.tif=38;5;13:*.tiff=38;5;13:*.png=38;5;13:*.svg=38;5;13:*.svgz=38;5;13:*.mng=38;5;13:*.pcx=38;5;13:*.mov=38;5;13:*.mpg=38;5;13:*.mpeg=38;5;13:*.m2v=38;5;13:*.mkv=38;5;13:*.webm=38;5;13:*.ogm=38;5;13:*.mp4=38;5;13:*.m4v=38;5;13:*.mp4v=38;5;13:*.vob=38;5;13:*.qt=38;5;13:*.nuv=38;5;13:*.wmv=38;5;13:*.asf=38;5;13:*.rm=38;5;13:*.rmvb=38;5;13:*.flc=38;5;13:*.avi=38;5;13:*.fli=38;5;13:*.flv=38;5;13:*.gl=38;5;13:*.dl=38;5;13:*.xcf=38;5;13:*.xwd=38;5;13:*.yuv=38;5;13:*.cgm=38;5;13:*.emf=38;5;13:*.axv=38;5;13:*.anx=38;5;13:*.ogv=38;5;13:*.ogx=38;5;13:*.aac=38;5;45:*.au=38;5;45:*.flac=38;5;45:*.mid=38;5;45:*.midi=38;5;45:*.mka=38;5;45:*.mp3=38;5;45:*.mpc=38;5;45:*.ogg=38;5;45:*.ra=38;5;45:*.wav=38;5;45:*.axa=38;5;45:*.oga=38;5;45:*.spx=38;5;45:*.xspf=38;5;45:
VCS_HOME=/eda/synopsys/2021-22/RHELx86/VCS_2021.09-SP1/
SNPS_VERDI=/eda/synopsys/2021-22/RHELx86/VERDI_2021.09-SP1/
PERL_HOMEDIR=1
QTDIR=/usr/lib64/qt-3.3
USER=pd23
VNCDESKTOP=vlsi-ria57:16 (pd23)
PWD=/users/pd23/Desktop/module/fram_aligner
VTE_VERSION=5204
CVS_RSH=ssh
SELINUX_ROLE_REQUESTED=
VERDI_HOME=/eda/synopsys/2021-22/RHELx86/VERDI_2021.09-SP1/
QTINC=/usr/lib64/qt-3.3/include
IMSETTINGS_INTEGRATE_DESKTOP=yes
HOME=/users/pd23
IMSETTINGS_MODULE=none
KDEDIRS=/usr
SSH_AGENT_PID=19656
LOADEDMODULES=
SYNOPSYS_LC_ROOT=/eda/synopsys/2021-22/RHELx86/LC_2021.06-SP4/
LANG=en_US.UTF-8
GNOME_TERMINAL_SCREEN=/org/gnome/Terminal/screen/9fa234aa_a457_4c17_b771_a582e7c485a1
SHLVL=4
DBUS_STARTER_BUS_TYPE=session
SKIP_CDS_DIALOG=
SNPS_SYN=/eda/synopsys/2021-22/RHELx86/SYN_2021.06-SP4/
QT_PLUGIN_PATH=/usr/lib64/kde4/plugins:/usr/lib/kde4/plugins
SSH_TTY=/dev/pts/9
SELINUX_LEVEL_REQUESTED=
TERM=vt100
DBUS_SESSION_BUS_ADDRESS=unix:abstract=/tmp/dbus-JfJAEvltXm,guid=27d1a41abf6a47b56a402d8468ff2765
XDG_CURRENT_DESKTOP=GNOME
SNPS_RTL_ARCH=/eda/synopsys/2021-22/RHELx86/RTL-ARCH_2021.06-SP4/
_=/bin/dbus-launch
SESSION_MANAGER=local/unix:@/tmp/.ICE-unix/19555,unix/unix:/tmp/.ICE-unix/19555
MANPATH=.:/usr/man:/usr/openwin/share/man:/usr/share/man:/usr/local/manL:/usr/local/man:/hio/gnu/xemacs/man:/usr/dt/share/man:/usr/java1.2/man:/eda/synopsys/2021-22/RHELx86/SYN_2021.06-SP4//doc/syn/man:/eda/synopsys/2021-22/RHELx86/VCS_2021.09-SP1//doc/man
VCS_PATHMAP_PRELOAD_DONE=1
VCS_STACK_EXEC=true
VCS_EXEC_DONE=1
LC_ALL=C
DVE=/eda/synopsys/2021-22/RHELx86/VCS_2021.09-SP1//gui/dve
SPECMAN_OUTPUT_TO_TTY=1
FLEXLM_BORROWFILE=/users/pd23/.vlsi-ria57-borrow.txt
Runtime command line arguments:
argv[0]=./fram_aligner.simv
argv[1]=-ucli
argv[2]=-do
argv[3]=run.do
239 profile - 100
          CPU/Mem usage: 0.050 sys,  0.190 user,  358.31M mem
240 Elapsed time:    0:00:01    Mon Oct 27 17:20:55 2025
241 User CPU time used: 0 seconds
242 System CPU time used: 0 seconds
243 pliAppInit
244 [SC]Init: MemoryConsumed=0.00MB ElapsedTime=0hour 0min. 0sec.
245 FSDB_GATE is set.
246 FSDB_RTL is set.
247 FSDB_FIELDTYPE is set.
248 FSDB_ALIAS_ARRAY_ELEM is set to 4294967295.
249 Enable Parallel Dumping.
250 pliAppMiscSet: New Sim Round
251 pliEntryInit
252 LIBSSCORE=found /eda/synopsys/2021-22/RHELx86/VERDI_2021.09-SP1//share/PLI/lib/LINUXAMD64/libsscore_vcs202109.so through $NOVAS_HOME setting.
253 FSDB Dumper for VCS, Release Verdi_S-2021.09-SP1, Linux x86_64/64bit, 11/29/2021
254 (C) 1996 - 2021 by Synopsys, Inc.
255 sps_tcl_fsdbDumpfile_main at 0
256 argv[0]: fram_aligner.fsdb
257 *Verdi* FSDB WARNING: The FSDB file already exists. Overwriting the FSDB file may crash the programs that are using this file.
258 *Verdi* : Create FSDB file 'fram_aligner.fsdb'
259 [spi_vcs_vd_ppi_create_root]: no upf option
260 compile option from '/users/pd23/Desktop/module/fram_aligner/fram_aligner.simv.daidir/vcs_rebuild'.
261   "vcs '-sverilog' '-full64' '-o' 'fram_aligner.simv' '-V' '-kdb' '-f' 'fram_aligner.fl' '-debug_access+all' 2>&1"
262 DVDI_is_vir_unload_enabled is enable
263 FSDB_VCS_ENABLE_NATIVE_VC is enable
264 sps_tcl_fsdbDumpsva_vd_main at 0 : N/A(0)
265 *Verdi* : Begin traversing the SVA assertions, layer (0).
266 *Verdi* : End of traversing the SVA assertions.
267 pliAppHDL_DumpSVAComplete traverse var: profile - 
          CPU/Mem usage: 0.050 sys,  0.200 user,  453.74M mem
                   incr: 0.000 sys,  0.000 user,  3.79M mem
                   accu: 0.000 sys,  0.000 user,  3.79M mem
              accu incr: 0.000 sys,  0.000 user,  3.79M mem

          Count usage: 1 var,  1 idcode,  0 callback
                 incr: 1 var,  1 idcode,  0 callback
                 accu: 1 var,  1 idcode,  0 callback
            accu incr: 1 var,  1 idcode,  0 callback
268 Elapsed time:    0:00:01    Mon Oct 27 17:20:55 2025
269 User CPU time used: 0 seconds
270 System CPU time used: 0 seconds
271 pliAppHDL_DumpSVAComplete: profile - 
          CPU/Mem usage: 0.050 sys,  0.200 user,  453.74M mem
                   incr: 0.000 sys,  0.000 user,  0.00M mem
                   accu: 0.000 sys,  0.000 user,  3.79M mem
              accu incr: 0.000 sys,  0.000 user,  0.00M mem

          Count usage: 1 var,  1 idcode,  0 callback
                 incr: 0 var,  0 idcode,  0 callback
                 accu: 1 var,  1 idcode,  0 callback
            accu incr: 0 var,  0 idcode,  0 callback
272 Elapsed time:    0:00:01    Mon Oct 27 17:20:55 2025
273 User CPU time used: 0 seconds
274 System CPU time used: 0 seconds
275 sps_tcl_fsdbDumpvars_vd_main
276 argv[0]: 0
277 argv[1]: top
278 argv[2]: +mda
279 argv[3]: +packedmda
280 argv[4]: +struct
281 argv[5]: +all
282 argv[6]: +fsdbfile+fram_aligner.fsdb
283 *Verdi* : Begin traversing the scope (top), layer (0).
284 *Verdi* : Enable +all, +struct, +mda and +packedmda dumping.
285 *Verdi* : End of traversing.
286 pliAppHDL_DumpVarComplete traverse var: profile - 
          CPU/Mem usage: 0.050 sys,  0.200 user,  457.92M mem
                   incr: 0.000 sys,  0.000 user,  4.18M mem
                   accu: 0.000 sys,  0.000 user,  4.18M mem
              accu incr: 0.000 sys,  0.000 user,  4.18M mem

          Count usage: 40 var,  35 idcode,  27 callback
                 incr: 39 var,  34 idcode,  27 callback
                 accu: 39 var,  34 idcode,  27 callback
            accu incr: 39 var,  34 idcode,  27 callback
287 Elapsed time:    0:00:01    Mon Oct 27 17:20:55 2025
288 User CPU time used: 0 seconds
289 System CPU time used: 0 seconds
290 pliAppHDL_DumpVarComplete: profile - 
          CPU/Mem usage: 0.050 sys,  0.200 user,  458.98M mem
                   incr: 0.000 sys,  0.000 user,  1.05M mem
                   accu: 0.000 sys,  0.000 user,  5.23M mem
              accu incr: 0.000 sys,  0.000 user,  1.05M mem

          Count usage: 40 var,  35 idcode,  27 callback
                 incr: 0 var,  0 idcode,  0 callback
                 accu: 39 var,  34 idcode,  27 callback
            accu incr: 0 var,  0 idcode,  0 callback
291 Elapsed time:    0:00:01    Mon Oct 27 17:20:55 2025
292 User CPU time used: 0 seconds
293 System CPU time used: 0 seconds
294 sps_tcl_fsdbDumpflush_vd_main at 0 : N/A(0)
295 *Verdi* : Flush all FSDB Files at 0 s.
296 End of simulation at 425
297 Memory usage: 481.051 M
298 Maximum resident set size: 102 MB
299 Hard page faults: 0
300 Soft page faults: 37698
301 Elapsed time:    0:00:01    Mon Oct 27 17:20:55 2025
302 User CPU time used: 0 seconds
303 System CPU time used: 0 seconds
304 Begin FSDB profile info:
305 FSDB Writer : bc1(208) bcn(241) mtf/stf(0/1)
FSDB Writer elapsed time : flush(0.015818) io wait(0.000000) theadpool wait(0.000000)
FSDB Writer cpu time : MT Compression : 0
306 End FSDB profile info
307 FSDB closed. Name: fram_aligner.fsdb Size: 11035
308 Parallel profile     - ProducerThread:1 ConsumerThread:1 Buffer:64MB
309                      - BlockUsed:1 Acquire:507 BufferUsed:6580
310                      - Flush:5 Expand:0 ProducerWait:0 ConsumerWait:0
311                      - MainProducerTime:0.274110014 TotalConsumerTime:0.000000000
312                      - ElapsedTime:0.146923000
313 Producer   0 profile - BlockUsed:1 Acquire:507 BufferUsed:6580
314 Consumer   0 profile - Affinity:-1 CPUTime:0.000000000 LifeTime:0.000000000 (-nan%)
315                      - BlockUsed:1 Acquire:507 BufferUsed:6580
316 SimExit
317 Elapsed time:    0:00:01    Mon Oct 27 17:20:55 2025
318 User CPU time used: 0 seconds
319 System CPU time used: 0 seconds
320 Sim process exit
